[0318/165040.458:WARNING:value_store_frontend.cc(45)] Reading mhjfbmdgcfjbbpaeojofohoefgiehjai.alarms from  failed: IO error: .../MANIFEST-000001: Unable to create sequential file (ChromeMethodBFE: 7::NewSequentialFile::1)
[0318/165043.913:ERROR:backend_impl.cc(1041)] Critical error found -8
[0318/165043.913:ERROR:entry_impl.cc(1075)] No file for c10307e6
[0318/165043.913:WARNING:storage_block-inl.h(146)] Failed data load.
[0318/165043.913:WARNING:storage_block-inl.h(146)] Failed data load.
[0318/165043.913:WARNING:storage_block-inl.h(146)] Failed data load.
[0318/165043.913:WARNING:storage_block-inl.h(146)] Failed data load.
[0318/165043.913:ERROR:entry_impl.cc(1075)] No file for c1030028
[0318/165043.913:WARNING:storage_block-inl.h(146)] Failed data load.
[0318/165043.913:WARNING:storage_block-inl.h(146)] Failed data load.
[0318/165043.913:WARNING:storage_block-inl.h(146)] Failed data load.
[0318/165043.913:WARNING:storage_block-inl.h(146)] Failed data load.
[0318/165043.913:ERROR:entry_impl.cc(1075)] No file for c1030010
[0318/165043.913:WARNING:storage_block-inl.h(146)] Failed data load.
[0318/165043.913:WARNING:storage_block-inl.h(146)] Failed data load.
[0318/165043.913:WARNING:storage_block-inl.h(146)] Failed data load.
[0318/165043.913:WARNING:storage_block-inl.h(146)] Failed data load.
[0318/165043.913:ERROR:entry_impl.cc(1075)] No file for c1030002
[0318/165043.913:WARNING:storage_block-inl.h(146)] Failed data load.
[0318/165043.913:WARNING:storage_block-inl.h(146)] Failed data load.
[0318/165043.913:WARNING:storage_block-inl.h(146)] Failed data load.
[0318/165043.913:WARNING:storage_block-inl.h(146)] Failed data load.
[0318/165043.913:ERROR:entry_impl.cc(1075)] No file for c1030034
[0318/165043.913:WARNING:storage_block-inl.h(146)] Failed data load.
[0318/165043.913:WARNING:storage_block-inl.h(146)] Failed data load.
[0318/165043.913:WARNING:storage_block-inl.h(146)] Failed data load.
[0318/165043.913:WARNING:storage_block-inl.h(146)] Failed data load.
[0318/165043.913:ERROR:entry_impl.cc(1075)] No file for c1030038
[0318/165043.913:WARNING:storage_block-inl.h(146)] Failed data load.
[0318/165043.913:WARNING:storage_block-inl.h(146)] Failed data load.
[0318/165043.914:WARNING:storage_block-inl.h(146)] Failed data load.
[0318/165043.914:WARNING:storage_block-inl.h(146)] Failed data load.
[0318/165043.914:ERROR:entry_impl.cc(1075)] No file for c103003a
[0318/165043.914:WARNING:storage_block-inl.h(146)] Failed data load.
[0318/165043.914:WARNING:storage_block-inl.h(146)] Failed data load.
[0318/165043.914:WARNING:storage_block-inl.h(146)] Failed data load.
[0318/165043.914:WARNING:storage_block-inl.h(146)] Failed data load.
[0318/165043.914:WARNING:storage_block-inl.h(146)] Failed data load.
[0318/165043.914:WARNING:storage_block-inl.h(146)] Failed data load.
[0318/165043.915:WARNING:storage_block-inl.h(146)] Failed data load.
[0318/165044.610:WARNING:storage_block-inl.h(146)] Failed data load.
[0318/165044.610:WARNING:storage_block-inl.h(146)] Failed data load.
[0318/165044.610:WARNING:storage_block-inl.h(146)] Failed data load.
[0318/165044.610:WARNING:storage_block-inl.h(146)] Failed data load.
[0318/165044.610:WARNING:storage_block-inl.h(146)] Failed data load.
[0318/165044.610:WARNING:storage_block-inl.h(146)] Failed data load.
[0318/165044.611:WARNING:storage_block-inl.h(146)] Failed data load.
[0318/165044.611:WARNING:storage_block-inl.h(146)] Failed data load.
[0318/165044.611:ERROR:entry_impl.cc(998)] Failed to save user data
[0318/165044.611:ERROR:entry_impl.cc(998)] Failed to save user data
[0318/165044.616:ERROR:entry_impl.cc(998)] Failed to save user data
[0318/165044.616:ERROR:entry_impl.cc(998)] Failed to save user data
[0318/165044.625:WARNING:storage_block-inl.h(146)] Failed data load.
[0318/165044.625:WARNING:storage_block-inl.h(146)] Failed data load.
[0318/165044.626:WARNING:storage_block-inl.h(146)] Failed data load.
[0318/165044.626:WARNING:storage_block-inl.h(146)] Failed data load.
[0318/165044.626:WARNING:storage_block-inl.h(146)] Failed data load.
[0318/165044.626:WARNING:storage_block-inl.h(146)] Failed data load.
[0318/165044.628:WARNING:storage_block-inl.h(146)] Failed data load.
[0318/165044.628:WARNING:storage_block-inl.h(146)] Failed data load.
[0318/165044.628:ERROR:entry_impl.cc(998)] Failed to save user data
[0318/165044.628:ERROR:entry_impl.cc(998)] Failed to save user data
[0318/165233.875:ERROR:gpu_init.cc(426)] Passthrough is not supported, GL is disabled
